TN:
SF:src\auth\auth.controller.ts
FN:7,(anonymous_4)
FN:10,(anonymous_5)
FN:15,(anonymous_6)
FNF:3
FNH:3
FNDA:2,(anonymous_4)
FNDA:14,(anonymous_5)
FNDA:7,(anonymous_6)
DA:1,2
DA:2,2
DA:6,2
DA:7,2
DA:10,2
DA:11,14
DA:15,2
DA:23,7
LF:8
LH:8
BRF:0
BRH:0
end_of_record
TN:
SF:src\auth\auth.guard.ts
FN:6,(anonymous_2)
FN:8,(anonymous_3)
FNF:2
FNH:2
FNDA:4,(anonymous_2)
FNDA:3,(anonymous_3)
DA:1,2
DA:2,2
DA:5,2
DA:6,4
DA:9,3
DA:10,3
DA:11,3
DA:19,3
DA:20,1
DA:23,2
DA:24,2
DA:25,1
DA:26,1
DA:28,1
LF:14
LH:14
BRDA:10,0,0,3
BRDA:10,0,1,1
BRDA:19,1,0,1
BRDA:19,2,0,3
BRDA:19,2,1,2
BRF:5
BRH:5
end_of_record
TN:
SF:src\auth\auth.service.ts
FN:9,(anonymous_2)
FN:14,(anonymous_3)
FN:57,(anonymous_4)
FN:94,(anonymous_5)
FN:98,(anonymous_6)
FN:104,(anonymous_7)
FNF:6
FNH:6
FNDA:2,(anonymous_2)
FNDA:14,(anonymous_3)
FNDA:7,(anonymous_4)
FNDA:11,(anonymous_5)
FNDA:10,(anonymous_6)
FNDA:4,(anonymous_7)
DA:1,2
DA:2,2
DA:3,2
DA:4,2
DA:8,2
DA:10,2
DA:11,2
DA:15,14
DA:16,14
DA:18,14
DA:19,3
DA:22,11
DA:27,11
DA:28,1
DA:31,10
DA:33,10
DA:42,10
DA:43,10
DA:45,10
DA:58,7
DA:59,7
DA:61,7
DA:62,2
DA:65,5
DA:70,5
DA:71,1
DA:74,4
DA:75,4
DA:77,4
DA:78,3
DA:81,1
DA:83,1
DA:95,11
DA:99,10
DA:100,10
DA:101,10
DA:105,4
DA:106,4
DA:108,3
DA:109,3
DA:111,3
DA:113,2
LF:42
LH:42
BRDA:18,0,0,3
BRDA:18,1,0,14
BRDA:18,1,1,13
BRDA:18,1,2,12
BRDA:27,2,0,1
BRDA:39,3,0,10
BRDA:39,3,1,9
BRDA:39,4,0,10
BRDA:39,4,1,9
BRDA:61,5,0,2
BRDA:61,6,0,7
BRDA:61,6,1,6
BRDA:70,7,0,1
BRDA:77,8,0,3
BRDA:106,9,0,1
BRDA:106,10,0,4
BRDA:106,10,1,4
BRDA:111,11,0,1
BRF:18
BRH:18
end_of_record
TN:
SF:src\hello\hello.controller.ts
FN:8,(anonymous_2)
FNF:1
FNH:1
FNDA:1,(anonymous_2)
DA:1,2
DA:2,2
DA:5,2
DA:8,2
DA:9,1
LF:5
LH:5
BRF:0
BRH:0
end_of_record
