TN:
SF:src\auth\auth.controller.ts
FN:7,(anonymous_4)
FN:10,(anonymous_5)
FN:15,(anonymous_6)
FNF:3
FNH:3
FNDA:3,(anonymous_4)
FNDA:18,(anonymous_5)
FNDA:7,(anonymous_6)
DA:1,3
DA:2,3
DA:6,3
DA:7,3
DA:10,3
DA:11,18
DA:15,3
DA:23,7
LF:8
LH:8
BRF:0
BRH:0
end_of_record
TN:
SF:src\auth\auth.guard.ts
FN:6,(anonymous_2)
FN:8,(anonymous_3)
FNF:2
FNH:2
FNDA:6,(anonymous_2)
FNDA:8,(anonymous_3)
DA:1,3
DA:2,3
DA:5,3
DA:6,6
DA:9,8
DA:10,8
DA:11,8
DA:19,8
DA:20,2
DA:23,6
DA:24,6
DA:25,4
DA:26,4
DA:28,2
LF:14
LH:14
BRDA:10,0,0,8
BRDA:10,0,1,2
BRDA:19,1,0,2
BRDA:19,2,0,8
BRDA:19,2,1,6
BRF:5
BRH:5
end_of_record
TN:
SF:src\auth\auth.service.ts
FN:10,(anonymous_2)
FN:16,(anonymous_3)
FN:68,(anonymous_4)
FN:107,(anonymous_5)
FN:111,(anonymous_6)
FN:117,(anonymous_7)
FNF:6
FNH:6
FNDA:3,(anonymous_2)
FNDA:18,(anonymous_3)
FNDA:7,(anonymous_4)
FNDA:15,(anonymous_5)
FNDA:14,(anonymous_6)
FNDA:4,(anonymous_7)
DA:1,3
DA:2,3
DA:3,3
DA:4,3
DA:5,3
DA:9,3
DA:11,3
DA:12,3
DA:13,3
DA:17,18
DA:18,18
DA:20,18
DA:21,3
DA:24,15
DA:29,15
DA:30,1
DA:33,14
DA:35,14
DA:44,14
DA:46,14
DA:54,14
DA:56,14
DA:69,7
DA:70,7
DA:72,7
DA:73,2
DA:76,5
DA:81,5
DA:82,1
DA:85,4
DA:86,4
DA:88,4
DA:89,3
DA:92,1
DA:94,1
DA:96,1
DA:108,15
DA:112,14
DA:113,14
DA:114,14
DA:118,4
DA:119,4
DA:121,3
DA:122,3
DA:124,3
DA:126,2
LF:46
LH:46
BRDA:20,0,0,3
BRDA:20,1,0,18
BRDA:20,1,1,17
BRDA:20,1,2,16
BRDA:29,2,0,1
BRDA:41,3,0,14
BRDA:41,3,1,12
BRDA:41,4,0,14
BRDA:41,4,1,12
BRDA:49,5,0,14
BRDA:49,5,1,12
BRDA:50,6,0,14
BRDA:50,6,1,12
BRDA:72,7,0,2
BRDA:72,8,0,7
BRDA:72,8,1,6
BRDA:81,9,0,1
BRDA:88,10,0,3
BRDA:100,11,0,1
BRDA:100,11,1,1
BRDA:101,12,0,1
BRDA:101,12,1,1
BRDA:119,13,0,1
BRDA:119,14,0,4
BRDA:119,14,1,4
BRDA:124,15,0,1
BRF:26
BRH:26
end_of_record
TN:
SF:src\hello\hello.controller.ts
FN:8,(anonymous_2)
FNF:1
FNH:1
FNDA:1,(anonymous_2)
DA:1,3
DA:2,3
DA:5,3
DA:8,3
DA:9,1
LF:5
LH:5
BRF:0
BRH:0
end_of_record
TN:
SF:src\weather\weather.controller.ts
FN:7,(anonymous_4)
FN:11,(anonymous_5)
FNF:2
FNH:2
FNDA:3,(anonymous_4)
FNDA:3,(anonymous_5)
DA:1,3
DA:2,3
DA:3,3
DA:6,3
DA:7,3
DA:11,3
DA:12,3
LF:7
LH:7
BRF:0
BRH:0
end_of_record
