{"D:\\migo\\repos\\smart-customer-service-v2\\packages\\backend\\src\\auth\\auth.controller.ts": {"path":"D:\\migo\\repos\\smart-customer-service-v2\\packages\\backend\\src\\auth\\auth.controller.ts","statementMap":{"0":{"start":{"line":1,"column":0},"end":{"line":1,"column":56}},"1":{"start":{"line":2,"column":0},"end":{"line":2,"column":45}},"2":{"start":{"line":6,"column":7},"end":{"line":25,"column":null}},"3":{"start":{"line":7,"column":31},"end":{"line":7,"column":44}},"4":{"start":{"line":11,"column":4},"end":{"line":11,"column":41}},"5":{"start":{"line":23,"column":4},"end":{"line":23,"column":40}},"6":{"start":{"line":6,"column":13},"end":{"line":6,"column":27}},"7":{"start":{"line":10,"column":2},"end":{"line":12,"column":null}},"8":{"start":{"line":15,"column":2},"end":{"line":24,"column":null}},"9":{"start":{"line":6,"column":13},"end":{"line":25,"column":null}}},"fnMap":{"0":{"name":"(anonymous_4)","decl":{"start":{"line":7,"column":2},"end":{"line":7,"column":31}},"loc":{"start":{"line":7,"column":55},"end":{"line":7,"column":59}}},"1":{"name":"(anonymous_5)","decl":{"start":{"line":10,"column":2},"end":{"line":10,"column":8}},"loc":{"start":{"line":10,"column":32},"end":{"line":12,"column":3}}},"2":{"name":"(anonymous_6)","decl":{"start":{"line":15,"column":2},"end":{"line":15,"column":7}},"loc":{"start":{"line":15,"column":30},"end":{"line":24,"column":3}}}},"branchMap":{},"s":{"0":1,"1":1,"2":1,"3":2,"4":1,"5":1,"6":1,"7":1,"8":1,"9":1},"f":{"0":2,"1":1,"2":1},"b":{}}
,"D:\\migo\\repos\\smart-customer-service-v2\\packages\\backend\\src\\auth\\auth.guard.ts": {"path":"D:\\migo\\repos\\smart-customer-service-v2\\packages\\backend\\src\\auth\\auth.guard.ts","statementMap":{"0":{"start":{"line":1,"column":0},"end":{"line":1,"column":98}},"1":{"start":{"line":2,"column":0},"end":{"line":2,"column":41}},"2":{"start":{"line":5,"column":7},"end":{"line":31,"column":null}},"3":{"start":{"line":6,"column":31},"end":{"line":6,"column":43}},"4":{"start":{"line":9,"column":20},"end":{"line":9,"column":55}},"5":{"start":{"line":10,"column":23},"end":{"line":10,"column":61}},"6":{"start":{"line":11,"column":26},"end":{"line":11,"column":47}},"7":{"start":{"line":19,"column":4},"end":{"line":21,"column":5}},"8":{"start":{"line":20,"column":6},"end":{"line":20,"column":55}},"9":{"start":{"line":23,"column":4},"end":{"line":29,"column":5}},"10":{"start":{"line":24,"column":22},"end":{"line":24,"column":51}},"11":{"start":{"line":25,"column":6},"end":{"line":25,"column":29}},"12":{"start":{"line":26,"column":6},"end":{"line":26,"column":18}},"13":{"start":{"line":28,"column":6},"end":{"line":28,"column":55}},"14":{"start":{"line":5,"column":13},"end":{"line":5,"column":22}},"15":{"start":{"line":5,"column":13},"end":{"line":31,"column":null}}},"fnMap":{"0":{"name":"(anonymous_2)","decl":{"start":{"line":6,"column":2},"end":{"line":6,"column":31}},"loc":{"start":{"line":6,"column":53},"end":{"line":6,"column":57}}},"1":{"name":"(anonymous_3)","decl":{"start":{"line":8,"column":2},"end":{"line":8,"column":13}},"loc":{"start":{"line":8,"column":39},"end":{"line":30,"column":3}}}},"branchMap":{"0":{"loc":{"start":{"line":10,"column":23},"end":{"line":10,"column":61}},"type":"binary-expr","locations":[{"start":{"line":10,"column":23},"end":{"line":10,"column":55}},{"start":{"line":10,"column":59},"end":{"line":10,"column":61}}]},"1":{"loc":{"start":{"line":19,"column":4},"end":{"line":21,"column":5}},"type":"if","locations":[{"start":{"line":19,"column":4},"end":{"line":21,"column":5}}]},"2":{"loc":{"start":{"line":19,"column":8},"end":{"line":19,"column":35}},"type":"binary-expr","locations":[{"start":{"line":19,"column":8},"end":{"line":19,"column":25}},{"start":{"line":19,"column":29},"end":{"line":19,"column":35}}]}},"s":{"0":2,"1":2,"2":2,"3":5,"4":5,"5":5,"6":5,"7":5,"8":3,"9":2,"10":2,"11":1,"12":1,"13":1,"14":2,"15":2},"f":{"0":5,"1":5},"b":{"0":[5,1],"1":[3],"2":[5,3]}}
,"D:\\migo\\repos\\smart-customer-service-v2\\packages\\backend\\src\\auth\\auth.service.ts": {"path":"D:\\migo\\repos\\smart-customer-service-v2\\packages\\backend\\src\\auth\\auth.service.ts","statementMap":{"0":{"start":{"line":1,"column":0},"end":{"line":1,"column":88}},"1":{"start":{"line":2,"column":0},"end":{"line":2,"column":37}},"2":{"start":{"line":3,"column":0},"end":{"line":3,"column":41}},"3":{"start":{"line":4,"column":0},"end":{"line":4,"column":66}},"4":{"start":{"line":8,"column":7},"end":{"line":115,"column":null}},"5":{"start":{"line":10,"column":21},"end":{"line":10,"column":33}},"6":{"start":{"line":11,"column":21},"end":{"line":11,"column":33}},"7":{"start":{"line":15,"column":18},"end":{"line":15,"column":49}},"8":{"start":{"line":16,"column":21},"end":{"line":16,"column":41}},"9":{"start":{"line":18,"column":4},"end":{"line":20,"column":5}},"10":{"start":{"line":19,"column":6},"end":{"line":19,"column":85}},"11":{"start":{"line":22,"column":21},"end":{"line":24,"column":null}},"12":{"start":{"line":27,"column":4},"end":{"line":29,"column":5}},"13":{"start":{"line":28,"column":6},"end":{"line":28,"column":60}},"14":{"start":{"line":31,"column":25},"end":{"line":31,"column":52}},"15":{"start":{"line":33,"column":19},"end":{"line":39,"column":null}},"16":{"start":{"line":42,"column":17},"end":{"line":42,"column":26}},"17":{"start":{"line":43,"column":18},"end":{"line":43,"column":53}},"18":{"start":{"line":45,"column":4},"end":{"line":54,"column":6}},"19":{"start":{"line":58,"column":18},"end":{"line":58,"column":49}},"20":{"start":{"line":59,"column":21},"end":{"line":59,"column":41}},"21":{"start":{"line":61,"column":4},"end":{"line":63,"column":5}},"22":{"start":{"line":62,"column":6},"end":{"line":62,"column":71}},"23":{"start":{"line":65,"column":17},"end":{"line":67,"column":null}},"24":{"start":{"line":70,"column":4},"end":{"line":72,"column":5}},"25":{"start":{"line":71,"column":6},"end":{"line":71,"column":61}},"26":{"start":{"line":74,"column":17},"end":{"line":74,"column":24}},"27":{"start":{"line":75,"column":18},"end":{"line":75,"column":62}},"28":{"start":{"line":77,"column":4},"end":{"line":79,"column":5}},"29":{"start":{"line":78,"column":6},"end":{"line":78,"column":61}},"30":{"start":{"line":81,"column":18},"end":{"line":81,"column":53}},"31":{"start":{"line":83,"column":4},"end":{"line":91,"column":6}},"32":{"start":{"line":95,"column":4},"end":{"line":95,"column":56}},"33":{"start":{"line":99,"column":17},"end":{"line":99,"column":48}},"34":{"start":{"line":100,"column":17},"end":{"line":100,"column":63}},"35":{"start":{"line":101,"column":4},"end":{"line":101,"column":29}},"36":{"start":{"line":105,"column":25},"end":{"line":105,"column":42}},"37":{"start":{"line":106,"column":4},"end":{"line":106,"column":37}},"38":{"start":{"line":106,"column":24},"end":{"line":106,"column":37}},"39":{"start":{"line":108,"column":19},"end":{"line":108,"column":49}},"40":{"start":{"line":109,"column":25},"end":{"line":109,"column":49}},"41":{"start":{"line":111,"column":4},"end":{"line":111,"column":60}},"42":{"start":{"line":111,"column":47},"end":{"line":111,"column":60}},"43":{"start":{"line":113,"column":4},"end":{"line":113,"column":49}},"44":{"start":{"line":8,"column":13},"end":{"line":8,"column":24}},"45":{"start":{"line":8,"column":13},"end":{"line":115,"column":null}}},"fnMap":{"0":{"name":"(anonymous_2)","decl":{"start":{"line":9,"column":2},"end":{"line":9,"column":null}},"loc":{"start":{"line":11,"column":43},"end":{"line":12,"column":6}}},"1":{"name":"(anonymous_3)","decl":{"start":{"line":14,"column":2},"end":{"line":14,"column":7}},"loc":{"start":{"line":14,"column":29},"end":{"line":55,"column":3}}},"2":{"name":"(anonymous_4)","decl":{"start":{"line":57,"column":2},"end":{"line":57,"column":7}},"loc":{"start":{"line":57,"column":27},"end":{"line":92,"column":3}}},"3":{"name":"(anonymous_5)","decl":{"start":{"line":94,"column":10},"end":{"line":94,"column":19}},"loc":{"start":{"line":94,"column":49},"end":{"line":96,"column":3}}},"4":{"name":"(anonymous_6)","decl":{"start":{"line":98,"column":10},"end":{"line":98,"column":22}},"loc":{"start":{"line":98,"column":39},"end":{"line":102,"column":3}}},"5":{"name":"(anonymous_7)","decl":{"start":{"line":104,"column":10},"end":{"line":104,"column":24}},"loc":{"start":{"line":104,"column":57},"end":{"line":114,"column":3}}}},"branchMap":{"0":{"loc":{"start":{"line":18,"column":4},"end":{"line":20,"column":5}},"type":"if","locations":[{"start":{"line":18,"column":4},"end":{"line":20,"column":5}}]},"1":{"loc":{"start":{"line":18,"column":8},"end":{"line":18,"column":50}},"type":"binary-expr","locations":[{"start":{"line":18,"column":8},"end":{"line":18,"column":14}},{"start":{"line":18,"column":18},"end":{"line":18,"column":27}},{"start":{"line":18,"column":31},"end":{"line":18,"column":50}}]},"2":{"loc":{"start":{"line":27,"column":4},"end":{"line":29,"column":5}},"type":"if","locations":[{"start":{"line":27,"column":4},"end":{"line":29,"column":5}}]},"3":{"loc":{"start":{"line":39,"column":28},"end":{"line":39,"column":49}},"type":"binary-expr","locations":[{"start":{"line":39,"column":28},"end":{"line":39,"column":41}},{"start":{"line":39,"column":45},"end":{"line":39,"column":49}}]},"4":{"loc":{"start":{"line":39,"column":51},"end":{"line":39,"column":71}},"type":"binary-expr","locations":[{"start":{"line":39,"column":51},"end":{"line":39,"column":63}},{"start":{"line":39,"column":67},"end":{"line":39,"column":71}}]},"5":{"loc":{"start":{"line":61,"column":4},"end":{"line":63,"column":5}},"type":"if","locations":[{"start":{"line":61,"column":4},"end":{"line":63,"column":5}}]},"6":{"loc":{"start":{"line":61,"column":8},"end":{"line":61,"column":27}},"type":"binary-expr","locations":[{"start":{"line":61,"column":8},"end":{"line":61,"column":14}},{"start":{"line":61,"column":18},"end":{"line":61,"column":27}}]},"7":{"loc":{"start":{"line":70,"column":4},"end":{"line":72,"column":5}},"type":"if","locations":[{"start":{"line":70,"column":4},"end":{"line":72,"column":5}}]},"8":{"loc":{"start":{"line":77,"column":4},"end":{"line":79,"column":5}},"type":"if","locations":[{"start":{"line":77,"column":4},"end":{"line":79,"column":5}}]},"9":{"loc":{"start":{"line":106,"column":4},"end":{"line":106,"column":37}},"type":"if","locations":[{"start":{"line":106,"column":4},"end":{"line":106,"column":37}}]},"10":{"loc":{"start":{"line":106,"column":8},"end":{"line":106,"column":22}},"type":"binary-expr","locations":[{"start":{"line":106,"column":8},"end":{"line":106,"column":13}},{"start":{"line":106,"column":17},"end":{"line":106,"column":22}}]},"11":{"loc":{"start":{"line":111,"column":4},"end":{"line":111,"column":60}},"type":"if","locations":[{"start":{"line":111,"column":4},"end":{"line":111,"column":60}}]}},"s":{"0":2,"1":2,"2":2,"3":2,"4":2,"5":16,"6":16,"7":8,"8":8,"9":8,"10":3,"11":5,"12":5,"13":1,"14":4,"15":4,"16":4,"17":4,"18":4,"19":6,"20":6,"21":6,"22":2,"23":4,"24":4,"25":1,"26":3,"27":3,"28":3,"29":1,"30":2,"31":2,"32":6,"33":4,"34":4,"35":4,"36":5,"37":5,"38":1,"39":4,"40":4,"41":4,"42":1,"43":3,"44":2,"45":2},"f":{"0":16,"1":8,"2":6,"3":6,"4":4,"5":5},"b":{"0":[3],"1":[8,7,6],"2":[1],"3":[4,3],"4":[4,3],"5":[2],"6":[6,5],"7":[1],"8":[1],"9":[1],"10":[5,5],"11":[1]}}
,"D:\\migo\\repos\\smart-customer-service-v2\\packages\\backend\\src\\database\\database-init.service.ts": {"path":"D:\\migo\\repos\\smart-customer-service-v2\\packages\\backend\\src\\database\\database-init.service.ts","statementMap":{"0":{"start":{"line":1,"column":0},"end":{"line":1,"column":68}},"1":{"start":{"line":2,"column":0},"end":{"line":2,"column":37}},"2":{"start":{"line":5,"column":7},"end":{"line":46,"column":null}},"3":{"start":{"line":6,"column":31},"end":{"line":6,"column":43}},"4":{"start":{"line":9,"column":4},"end":{"line":9,"column":34}},"5":{"start":{"line":10,"column":4},"end":{"line":12,"column":5}},"6":{"start":{"line":11,"column":6},"end":{"line":11,"column":31}},"7":{"start":{"line":13,"column":4},"end":{"line":13,"column":30}},"8":{"start":{"line":17,"column":4},"end":{"line":17,"column":44}},"9":{"start":{"line":21,"column":4},"end":{"line":21,"column":79}},"10":{"start":{"line":22,"column":4},"end":{"line":32,"column":7}},"11":{"start":{"line":34,"column":4},"end":{"line":34,"column":95}},"12":{"start":{"line":35,"column":4},"end":{"line":35,"column":94}},"13":{"start":{"line":36,"column":4},"end":{"line":36,"column":125}},"14":{"start":{"line":37,"column":4},"end":{"line":37,"column":125}},"15":{"start":{"line":41,"column":4},"end":{"line":41,"column":63}},"16":{"start":{"line":42,"column":4},"end":{"line":42,"column":57}},"17":{"start":{"line":43,"column":4},"end":{"line":43,"column":74}},"18":{"start":{"line":44,"column":4},"end":{"line":44,"column":73}},"19":{"start":{"line":5,"column":13},"end":{"line":5,"column":32}},"20":{"start":{"line":5,"column":13},"end":{"line":46,"column":null}}},"fnMap":{"0":{"name":"(anonymous_2)","decl":{"start":{"line":6,"column":2},"end":{"line":6,"column":31}},"loc":{"start":{"line":6,"column":53},"end":{"line":6,"column":57}}},"1":{"name":"(anonymous_3)","decl":{"start":{"line":8,"column":2},"end":{"line":8,"column":7}},"loc":{"start":{"line":8,"column":30},"end":{"line":14,"column":3}}},"2":{"name":"(anonymous_4)","decl":{"start":{"line":16,"column":10},"end":{"line":16,"column":15}},"loc":{"start":{"line":16,"column":32},"end":{"line":18,"column":3}}},"3":{"name":"(anonymous_5)","decl":{"start":{"line":20,"column":10},"end":{"line":20,"column":15}},"loc":{"start":{"line":20,"column":28},"end":{"line":38,"column":3}}},"4":{"name":"(anonymous_6)","decl":{"start":{"line":40,"column":10},"end":{"line":40,"column":15}},"loc":{"start":{"line":40,"column":27},"end":{"line":45,"column":3}}}},"branchMap":{"0":{"loc":{"start":{"line":10,"column":4},"end":{"line":12,"column":5}},"type":"if","locations":[{"start":{"line":10,"column":4},"end":{"line":12,"column":5}}]}},"s":{"0":1,"1":1,"2":1,"3":6,"4":6,"5":6,"6":1,"7":6,"8":6,"9":6,"10":6,"11":6,"12":6,"13":6,"14":6,"15":1,"16":1,"17":1,"18":1,"19":1,"20":1},"f":{"0":6,"1":6,"2":6,"3":6,"4":1},"b":{"0":[1]}}
,"D:\\migo\\repos\\smart-customer-service-v2\\packages\\backend\\src\\hello\\hello.controller.ts": {"path":"D:\\migo\\repos\\smart-customer-service-v2\\packages\\backend\\src\\hello\\hello.controller.ts","statementMap":{"0":{"start":{"line":1,"column":0},"end":{"line":1,"column":66}},"1":{"start":{"line":2,"column":0},"end":{"line":2,"column":47}},"2":{"start":{"line":5,"column":7},"end":{"line":11,"column":null}},"3":{"start":{"line":9,"column":4},"end":{"line":9,"column":38}},"4":{"start":{"line":5,"column":13},"end":{"line":5,"column":28}},"5":{"start":{"line":8,"column":2},"end":{"line":10,"column":null}},"6":{"start":{"line":5,"column":13},"end":{"line":11,"column":null}}},"fnMap":{"0":{"name":"(anonymous_2)","decl":{"start":{"line":8,"column":2},"end":{"line":8,"column":10}},"loc":{"start":{"line":8,"column":10},"end":{"line":10,"column":3}}}},"branchMap":{},"s":{"0":1,"1":1,"2":1,"3":1,"4":1,"5":1,"6":1},"f":{"0":1},"b":{}}
}
