{"D:\\migo\\repos\\smart-customer-service-v2\\packages\\backend\\src\\auth\\auth.controller.ts": {"path":"D:\\migo\\repos\\smart-customer-service-v2\\packages\\backend\\src\\auth\\auth.controller.ts","statementMap":{"0":{"start":{"line":1,"column":0},"end":{"line":1,"column":56}},"1":{"start":{"line":2,"column":0},"end":{"line":2,"column":45}},"2":{"start":{"line":6,"column":7},"end":{"line":25,"column":null}},"3":{"start":{"line":7,"column":31},"end":{"line":7,"column":44}},"4":{"start":{"line":11,"column":4},"end":{"line":11,"column":41}},"5":{"start":{"line":23,"column":4},"end":{"line":23,"column":40}},"6":{"start":{"line":6,"column":13},"end":{"line":6,"column":27}},"7":{"start":{"line":10,"column":2},"end":{"line":12,"column":null}},"8":{"start":{"line":15,"column":2},"end":{"line":24,"column":null}},"9":{"start":{"line":6,"column":13},"end":{"line":25,"column":null}}},"fnMap":{"0":{"name":"(anonymous_4)","decl":{"start":{"line":7,"column":2},"end":{"line":7,"column":31}},"loc":{"start":{"line":7,"column":55},"end":{"line":7,"column":59}}},"1":{"name":"(anonymous_5)","decl":{"start":{"line":10,"column":2},"end":{"line":10,"column":8}},"loc":{"start":{"line":10,"column":32},"end":{"line":12,"column":3}}},"2":{"name":"(anonymous_6)","decl":{"start":{"line":15,"column":2},"end":{"line":15,"column":7}},"loc":{"start":{"line":15,"column":30},"end":{"line":24,"column":3}}}},"branchMap":{},"s":{"0":1,"1":1,"2":1,"3":2,"4":1,"5":1,"6":1,"7":1,"8":1,"9":1},"f":{"0":2,"1":1,"2":1},"b":{}}
,"D:\\migo\\repos\\smart-customer-service-v2\\packages\\backend\\src\\auth\\auth.guard.ts": {"path":"D:\\migo\\repos\\smart-customer-service-v2\\packages\\backend\\src\\auth\\auth.guard.ts","statementMap":{"0":{"start":{"line":1,"column":0},"end":{"line":1,"column":98}},"1":{"start":{"line":2,"column":0},"end":{"line":2,"column":41}},"2":{"start":{"line":5,"column":7},"end":{"line":31,"column":null}},"3":{"start":{"line":6,"column":31},"end":{"line":6,"column":43}},"4":{"start":{"line":9,"column":20},"end":{"line":9,"column":55}},"5":{"start":{"line":10,"column":23},"end":{"line":10,"column":61}},"6":{"start":{"line":11,"column":26},"end":{"line":11,"column":47}},"7":{"start":{"line":19,"column":4},"end":{"line":21,"column":5}},"8":{"start":{"line":20,"column":6},"end":{"line":20,"column":55}},"9":{"start":{"line":23,"column":4},"end":{"line":29,"column":5}},"10":{"start":{"line":24,"column":22},"end":{"line":24,"column":51}},"11":{"start":{"line":25,"column":6},"end":{"line":25,"column":29}},"12":{"start":{"line":26,"column":6},"end":{"line":26,"column":18}},"13":{"start":{"line":28,"column":6},"end":{"line":28,"column":55}},"14":{"start":{"line":5,"column":13},"end":{"line":5,"column":22}},"15":{"start":{"line":5,"column":13},"end":{"line":31,"column":null}}},"fnMap":{"0":{"name":"(anonymous_2)","decl":{"start":{"line":6,"column":2},"end":{"line":6,"column":31}},"loc":{"start":{"line":6,"column":53},"end":{"line":6,"column":57}}},"1":{"name":"(anonymous_3)","decl":{"start":{"line":8,"column":2},"end":{"line":8,"column":13}},"loc":{"start":{"line":8,"column":39},"end":{"line":30,"column":3}}}},"branchMap":{"0":{"loc":{"start":{"line":10,"column":23},"end":{"line":10,"column":61}},"type":"binary-expr","locations":[{"start":{"line":10,"column":23},"end":{"line":10,"column":55}},{"start":{"line":10,"column":59},"end":{"line":10,"column":61}}]},"1":{"loc":{"start":{"line":19,"column":4},"end":{"line":21,"column":5}},"type":"if","locations":[{"start":{"line":19,"column":4},"end":{"line":21,"column":5}}]},"2":{"loc":{"start":{"line":19,"column":8},"end":{"line":19,"column":35}},"type":"binary-expr","locations":[{"start":{"line":19,"column":8},"end":{"line":19,"column":25}},{"start":{"line":19,"column":29},"end":{"line":19,"column":35}}]}},"s":{"0":3,"1":3,"2":3,"3":5,"4":5,"5":5,"6":5,"7":5,"8":3,"9":2,"10":2,"11":1,"12":1,"13":1,"14":3,"15":3},"f":{"0":5,"1":5},"b":{"0":[5,1],"1":[3],"2":[5,3]}}
,"D:\\migo\\repos\\smart-customer-service-v2\\packages\\backend\\src\\auth\\auth.service.ts": {"path":"D:\\migo\\repos\\smart-customer-service-v2\\packages\\backend\\src\\auth\\auth.service.ts","statementMap":{"0":{"start":{"line":1,"column":0},"end":{"line":1,"column":88}},"1":{"start":{"line":2,"column":0},"end":{"line":2,"column":37}},"2":{"start":{"line":3,"column":0},"end":{"line":3,"column":41}},"3":{"start":{"line":4,"column":0},"end":{"line":4,"column":66}},"4":{"start":{"line":5,"column":0},"end":{"line":5,"column":66}},"5":{"start":{"line":9,"column":7},"end":{"line":128,"column":null}},"6":{"start":{"line":11,"column":21},"end":{"line":11,"column":33}},"7":{"start":{"line":12,"column":21},"end":{"line":12,"column":33}},"8":{"start":{"line":13,"column":21},"end":{"line":13,"column":39}},"9":{"start":{"line":17,"column":18},"end":{"line":17,"column":49}},"10":{"start":{"line":18,"column":21},"end":{"line":18,"column":41}},"11":{"start":{"line":20,"column":4},"end":{"line":22,"column":5}},"12":{"start":{"line":21,"column":6},"end":{"line":21,"column":85}},"13":{"start":{"line":24,"column":21},"end":{"line":26,"column":null}},"14":{"start":{"line":29,"column":4},"end":{"line":31,"column":5}},"15":{"start":{"line":30,"column":6},"end":{"line":30,"column":60}},"16":{"start":{"line":33,"column":25},"end":{"line":33,"column":52}},"17":{"start":{"line":35,"column":19},"end":{"line":41,"column":null}},"18":{"start":{"line":44,"column":17},"end":{"line":44,"column":26}},"19":{"start":{"line":46,"column":4},"end":{"line":52,"column":7}},"20":{"start":{"line":54,"column":18},"end":{"line":54,"column":53}},"21":{"start":{"line":56,"column":4},"end":{"line":65,"column":6}},"22":{"start":{"line":69,"column":18},"end":{"line":69,"column":49}},"23":{"start":{"line":70,"column":21},"end":{"line":70,"column":41}},"24":{"start":{"line":72,"column":4},"end":{"line":74,"column":5}},"25":{"start":{"line":73,"column":6},"end":{"line":73,"column":71}},"26":{"start":{"line":76,"column":17},"end":{"line":78,"column":null}},"27":{"start":{"line":81,"column":4},"end":{"line":83,"column":5}},"28":{"start":{"line":82,"column":6},"end":{"line":82,"column":61}},"29":{"start":{"line":85,"column":17},"end":{"line":85,"column":24}},"30":{"start":{"line":86,"column":18},"end":{"line":86,"column":62}},"31":{"start":{"line":88,"column":4},"end":{"line":90,"column":5}},"32":{"start":{"line":89,"column":6},"end":{"line":89,"column":61}},"33":{"start":{"line":92,"column":26},"end":{"line":92,"column":80}},"34":{"start":{"line":94,"column":18},"end":{"line":94,"column":53}},"35":{"start":{"line":96,"column":4},"end":{"line":104,"column":6}},"36":{"start":{"line":108,"column":4},"end":{"line":108,"column":56}},"37":{"start":{"line":112,"column":17},"end":{"line":112,"column":48}},"38":{"start":{"line":113,"column":17},"end":{"line":113,"column":63}},"39":{"start":{"line":114,"column":4},"end":{"line":114,"column":29}},"40":{"start":{"line":118,"column":25},"end":{"line":118,"column":42}},"41":{"start":{"line":119,"column":4},"end":{"line":119,"column":37}},"42":{"start":{"line":119,"column":24},"end":{"line":119,"column":37}},"43":{"start":{"line":121,"column":19},"end":{"line":121,"column":49}},"44":{"start":{"line":122,"column":25},"end":{"line":122,"column":49}},"45":{"start":{"line":124,"column":4},"end":{"line":124,"column":60}},"46":{"start":{"line":124,"column":47},"end":{"line":124,"column":60}},"47":{"start":{"line":126,"column":4},"end":{"line":126,"column":49}},"48":{"start":{"line":9,"column":13},"end":{"line":9,"column":24}},"49":{"start":{"line":9,"column":13},"end":{"line":128,"column":null}}},"fnMap":{"0":{"name":"(anonymous_2)","decl":{"start":{"line":10,"column":2},"end":{"line":10,"column":null}},"loc":{"start":{"line":13,"column":55},"end":{"line":14,"column":6}}},"1":{"name":"(anonymous_3)","decl":{"start":{"line":16,"column":2},"end":{"line":16,"column":7}},"loc":{"start":{"line":16,"column":29},"end":{"line":66,"column":3}}},"2":{"name":"(anonymous_4)","decl":{"start":{"line":68,"column":2},"end":{"line":68,"column":7}},"loc":{"start":{"line":68,"column":27},"end":{"line":105,"column":3}}},"3":{"name":"(anonymous_5)","decl":{"start":{"line":107,"column":10},"end":{"line":107,"column":19}},"loc":{"start":{"line":107,"column":49},"end":{"line":109,"column":3}}},"4":{"name":"(anonymous_6)","decl":{"start":{"line":111,"column":10},"end":{"line":111,"column":22}},"loc":{"start":{"line":111,"column":39},"end":{"line":115,"column":3}}},"5":{"name":"(anonymous_7)","decl":{"start":{"line":117,"column":10},"end":{"line":117,"column":24}},"loc":{"start":{"line":117,"column":57},"end":{"line":127,"column":3}}}},"branchMap":{"0":{"loc":{"start":{"line":20,"column":4},"end":{"line":22,"column":5}},"type":"if","locations":[{"start":{"line":20,"column":4},"end":{"line":22,"column":5}}]},"1":{"loc":{"start":{"line":20,"column":8},"end":{"line":20,"column":50}},"type":"binary-expr","locations":[{"start":{"line":20,"column":8},"end":{"line":20,"column":14}},{"start":{"line":20,"column":18},"end":{"line":20,"column":27}},{"start":{"line":20,"column":31},"end":{"line":20,"column":50}}]},"2":{"loc":{"start":{"line":29,"column":4},"end":{"line":31,"column":5}},"type":"if","locations":[{"start":{"line":29,"column":4},"end":{"line":31,"column":5}}]},"3":{"loc":{"start":{"line":41,"column":28},"end":{"line":41,"column":49}},"type":"binary-expr","locations":[{"start":{"line":41,"column":28},"end":{"line":41,"column":41}},{"start":{"line":41,"column":45},"end":{"line":41,"column":49}}]},"4":{"loc":{"start":{"line":41,"column":51},"end":{"line":41,"column":71}},"type":"binary-expr","locations":[{"start":{"line":41,"column":51},"end":{"line":41,"column":63}},{"start":{"line":41,"column":67},"end":{"line":41,"column":71}}]},"5":{"loc":{"start":{"line":49,"column":17},"end":{"line":49,"column":40}},"type":"binary-expr","locations":[{"start":{"line":49,"column":17},"end":{"line":49,"column":32}},{"start":{"line":49,"column":36},"end":{"line":49,"column":40}}]},"6":{"loc":{"start":{"line":50,"column":16},"end":{"line":50,"column":38}},"type":"binary-expr","locations":[{"start":{"line":50,"column":16},"end":{"line":50,"column":30}},{"start":{"line":50,"column":34},"end":{"line":50,"column":38}}]},"7":{"loc":{"start":{"line":72,"column":4},"end":{"line":74,"column":5}},"type":"if","locations":[{"start":{"line":72,"column":4},"end":{"line":74,"column":5}}]},"8":{"loc":{"start":{"line":72,"column":8},"end":{"line":72,"column":27}},"type":"binary-expr","locations":[{"start":{"line":72,"column":8},"end":{"line":72,"column":14}},{"start":{"line":72,"column":18},"end":{"line":72,"column":27}}]},"9":{"loc":{"start":{"line":81,"column":4},"end":{"line":83,"column":5}},"type":"if","locations":[{"start":{"line":81,"column":4},"end":{"line":83,"column":5}}]},"10":{"loc":{"start":{"line":88,"column":4},"end":{"line":90,"column":5}},"type":"if","locations":[{"start":{"line":88,"column":4},"end":{"line":90,"column":5}}]},"11":{"loc":{"start":{"line":100,"column":19},"end":{"line":100,"column":62}},"type":"binary-expr","locations":[{"start":{"line":100,"column":19},"end":{"line":100,"column":43}},{"start":{"line":100,"column":47},"end":{"line":100,"column":62}}]},"12":{"loc":{"start":{"line":101,"column":18},"end":{"line":101,"column":59}},"type":"binary-expr","locations":[{"start":{"line":101,"column":18},"end":{"line":101,"column":41}},{"start":{"line":101,"column":45},"end":{"line":101,"column":59}}]},"13":{"loc":{"start":{"line":119,"column":4},"end":{"line":119,"column":37}},"type":"if","locations":[{"start":{"line":119,"column":4},"end":{"line":119,"column":37}}]},"14":{"loc":{"start":{"line":119,"column":8},"end":{"line":119,"column":22}},"type":"binary-expr","locations":[{"start":{"line":119,"column":8},"end":{"line":119,"column":13}},{"start":{"line":119,"column":17},"end":{"line":119,"column":22}}]},"15":{"loc":{"start":{"line":124,"column":4},"end":{"line":124,"column":60}},"type":"if","locations":[{"start":{"line":124,"column":4},"end":{"line":124,"column":60}}]}},"s":{"0":2,"1":2,"2":2,"3":2,"4":2,"5":2,"6":19,"7":19,"8":19,"9":9,"10":9,"11":9,"12":3,"13":6,"14":6,"15":1,"16":5,"17":5,"18":5,"19":5,"20":5,"21":5,"22":8,"23":8,"24":8,"25":2,"26":6,"27":6,"28":1,"29":5,"30":5,"31":5,"32":1,"33":4,"34":4,"35":4,"36":9,"37":5,"38":5,"39":5,"40":7,"41":7,"42":1,"43":6,"44":6,"45":6,"46":1,"47":5,"48":2,"49":2},"f":{"0":19,"1":9,"2":8,"3":9,"4":5,"5":7},"b":{"0":[3],"1":[9,8,7],"2":[1],"3":[5,3],"4":[5,3],"5":[5,3],"6":[5,3],"7":[2],"8":[8,7],"9":[1],"10":[1],"11":[4,3],"12":[4,3],"13":[1],"14":[7,7],"15":[1]}}
,"D:\\migo\\repos\\smart-customer-service-v2\\packages\\backend\\src\\database\\database-init.service.ts": {"path":"D:\\migo\\repos\\smart-customer-service-v2\\packages\\backend\\src\\database\\database-init.service.ts","statementMap":{"0":{"start":{"line":1,"column":0},"end":{"line":1,"column":68}},"1":{"start":{"line":2,"column":0},"end":{"line":2,"column":37}},"2":{"start":{"line":5,"column":7},"end":{"line":46,"column":null}},"3":{"start":{"line":6,"column":31},"end":{"line":6,"column":43}},"4":{"start":{"line":9,"column":4},"end":{"line":9,"column":34}},"5":{"start":{"line":10,"column":4},"end":{"line":12,"column":5}},"6":{"start":{"line":11,"column":6},"end":{"line":11,"column":31}},"7":{"start":{"line":13,"column":4},"end":{"line":13,"column":30}},"8":{"start":{"line":17,"column":4},"end":{"line":17,"column":44}},"9":{"start":{"line":21,"column":4},"end":{"line":21,"column":79}},"10":{"start":{"line":22,"column":4},"end":{"line":32,"column":7}},"11":{"start":{"line":34,"column":4},"end":{"line":34,"column":95}},"12":{"start":{"line":35,"column":4},"end":{"line":35,"column":94}},"13":{"start":{"line":36,"column":4},"end":{"line":36,"column":125}},"14":{"start":{"line":37,"column":4},"end":{"line":37,"column":125}},"15":{"start":{"line":41,"column":4},"end":{"line":41,"column":63}},"16":{"start":{"line":42,"column":4},"end":{"line":42,"column":57}},"17":{"start":{"line":43,"column":4},"end":{"line":43,"column":74}},"18":{"start":{"line":44,"column":4},"end":{"line":44,"column":73}},"19":{"start":{"line":5,"column":13},"end":{"line":5,"column":32}},"20":{"start":{"line":5,"column":13},"end":{"line":46,"column":null}}},"fnMap":{"0":{"name":"(anonymous_2)","decl":{"start":{"line":6,"column":2},"end":{"line":6,"column":31}},"loc":{"start":{"line":6,"column":53},"end":{"line":6,"column":57}}},"1":{"name":"(anonymous_3)","decl":{"start":{"line":8,"column":2},"end":{"line":8,"column":7}},"loc":{"start":{"line":8,"column":30},"end":{"line":14,"column":3}}},"2":{"name":"(anonymous_4)","decl":{"start":{"line":16,"column":10},"end":{"line":16,"column":15}},"loc":{"start":{"line":16,"column":32},"end":{"line":18,"column":3}}},"3":{"name":"(anonymous_5)","decl":{"start":{"line":20,"column":10},"end":{"line":20,"column":15}},"loc":{"start":{"line":20,"column":28},"end":{"line":38,"column":3}}},"4":{"name":"(anonymous_6)","decl":{"start":{"line":40,"column":10},"end":{"line":40,"column":15}},"loc":{"start":{"line":40,"column":27},"end":{"line":45,"column":3}}}},"branchMap":{"0":{"loc":{"start":{"line":10,"column":4},"end":{"line":12,"column":5}},"type":"if","locations":[{"start":{"line":10,"column":4},"end":{"line":12,"column":5}}]}},"s":{"0":1,"1":1,"2":1,"3":6,"4":6,"5":6,"6":1,"7":6,"8":6,"9":6,"10":6,"11":6,"12":6,"13":6,"14":6,"15":1,"16":1,"17":1,"18":1,"19":1,"20":1},"f":{"0":6,"1":6,"2":6,"3":6,"4":1},"b":{"0":[1]}}
,"D:\\migo\\repos\\smart-customer-service-v2\\packages\\backend\\src\\firestore\\firestore.service.ts": {"path":"D:\\migo\\repos\\smart-customer-service-v2\\packages\\backend\\src\\firestore\\firestore.service.ts","statementMap":{"0":{"start":{"line":1,"column":0},"end":{"line":1,"column":58}},"1":{"start":{"line":2,"column":0},"end":{"line":2,"column":40}},"2":{"start":{"line":6,"column":7},"end":{"line":74,"column":null}},"3":{"start":{"line":8,"column":19},"end":{"line":8,"column":44}},"4":{"start":{"line":11,"column":4},"end":{"line":27,"column":5}},"5":{"start":{"line":12,"column":24},"end":{"line":12,"column":55}},"6":{"start":{"line":13,"column":23},"end":{"line":13,"column":65}},"7":{"start":{"line":15,"column":6},"end":{"line":26,"column":7}},"8":{"start":{"line":17,"column":31},"end":{"line":19,"column":21}},"9":{"start":{"line":20,"column":8},"end":{"line":23,"column":11}},"10":{"start":{"line":25,"column":8},"end":{"line":25,"column":43}},"11":{"start":{"line":28,"column":4},"end":{"line":28,"column":32}},"12":{"start":{"line":32,"column":4},"end":{"line":37,"column":7}},"13":{"start":{"line":41,"column":21},"end":{"line":45,"column":12}},"14":{"start":{"line":47,"column":4},"end":{"line":47,"column":36}},"15":{"start":{"line":47,"column":24},"end":{"line":47,"column":36}},"16":{"start":{"line":49,"column":16},"end":{"line":49,"column":32}},"17":{"start":{"line":50,"column":17},"end":{"line":50,"column":27}},"18":{"start":{"line":51,"column":4},"end":{"line":57,"column":6}},"19":{"start":{"line":61,"column":16},"end":{"line":61,"column":75}},"20":{"start":{"line":63,"column":4},"end":{"line":63,"column":33}},"21":{"start":{"line":63,"column":21},"end":{"line":63,"column":33}},"22":{"start":{"line":65,"column":17},"end":{"line":65,"column":28}},"23":{"start":{"line":66,"column":4},"end":{"line":72,"column":6}},"24":{"start":{"line":6,"column":13},"end":{"line":6,"column":29}},"25":{"start":{"line":6,"column":13},"end":{"line":74,"column":null}}},"fnMap":{"0":{"name":"(anonymous_10)","decl":{"start":{"line":6,"column":7},"end":{"line":6,"column":13}},"loc":{"start":{"line":6,"column":7},"end":{"line":74,"column":1}}},"1":{"name":"(anonymous_11)","decl":{"start":{"line":10,"column":2},"end":{"line":10,"column":14}},"loc":{"start":{"line":10,"column":14},"end":{"line":29,"column":3}}},"2":{"name":"(anonymous_12)","decl":{"start":{"line":31,"column":2},"end":{"line":31,"column":7}},"loc":{"start":{"line":31,"column":36},"end":{"line":38,"column":3}}},"3":{"name":"(anonymous_13)","decl":{"start":{"line":40,"column":2},"end":{"line":40,"column":7}},"loc":{"start":{"line":40,"column":36},"end":{"line":58,"column":3}}},"4":{"name":"(anonymous_14)","decl":{"start":{"line":60,"column":2},"end":{"line":60,"column":7}},"loc":{"start":{"line":60,"column":30},"end":{"line":73,"column":3}}}},"branchMap":{"0":{"loc":{"start":{"line":11,"column":4},"end":{"line":27,"column":5}},"type":"if","locations":[{"start":{"line":11,"column":4},"end":{"line":27,"column":5}}]},"1":{"loc":{"start":{"line":15,"column":6},"end":{"line":26,"column":7}},"type":"if","locations":[{"start":{"line":15,"column":6},"end":{"line":26,"column":7}},{"start":{"line":24,"column":13},"end":{"line":26,"column":7}}]},"2":{"loc":{"start":{"line":17,"column":39},"end":{"line":19,"column":20}},"type":"cond-expr","locations":[{"start":{"line":18,"column":12},"end":{"line":18,"column":68}},{"start":{"line":19,"column":12},"end":{"line":19,"column":20}}]},"3":{"loc":{"start":{"line":47,"column":4},"end":{"line":47,"column":36}},"type":"if","locations":[{"start":{"line":47,"column":4},"end":{"line":47,"column":36}}]},"4":{"loc":{"start":{"line":54,"column":17},"end":{"line":54,"column":39}},"type":"binary-expr","locations":[{"start":{"line":54,"column":17},"end":{"line":54,"column":31}},{"start":{"line":54,"column":35},"end":{"line":54,"column":39}}]},"5":{"loc":{"start":{"line":55,"column":16},"end":{"line":55,"column":37}},"type":"binary-expr","locations":[{"start":{"line":55,"column":16},"end":{"line":55,"column":29}},{"start":{"line":55,"column":33},"end":{"line":55,"column":37}}]},"6":{"loc":{"start":{"line":63,"column":4},"end":{"line":63,"column":33}},"type":"if","locations":[{"start":{"line":63,"column":4},"end":{"line":63,"column":33}}]},"7":{"loc":{"start":{"line":69,"column":17},"end":{"line":69,"column":39}},"type":"binary-expr","locations":[{"start":{"line":69,"column":17},"end":{"line":69,"column":31}},{"start":{"line":69,"column":35},"end":{"line":69,"column":39}}]},"8":{"loc":{"start":{"line":70,"column":16},"end":{"line":70,"column":37}},"type":"binary-expr","locations":[{"start":{"line":70,"column":16},"end":{"line":70,"column":29}},{"start":{"line":70,"column":33},"end":{"line":70,"column":37}}]}},"s":{"0":3,"1":3,"2":3,"3":12,"4":15,"5":14,"6":14,"7":14,"8":2,"9":2,"10":12,"11":15,"12":2,"13":3,"14":3,"15":1,"16":2,"17":2,"18":2,"19":3,"20":3,"21":1,"22":2,"23":2,"24":3,"25":3},"f":{"0":12,"1":15,"2":2,"3":3,"4":3},"b":{"0":[14],"1":[2,12],"2":[1,1],"3":[1],"4":[2,1],"5":[2,1],"6":[1],"7":[2,1],"8":[2,1]}}
,"D:\\migo\\repos\\smart-customer-service-v2\\packages\\backend\\src\\hello\\hello.controller.ts": {"path":"D:\\migo\\repos\\smart-customer-service-v2\\packages\\backend\\src\\hello\\hello.controller.ts","statementMap":{"0":{"start":{"line":1,"column":0},"end":{"line":1,"column":66}},"1":{"start":{"line":2,"column":0},"end":{"line":2,"column":47}},"2":{"start":{"line":5,"column":7},"end":{"line":11,"column":null}},"3":{"start":{"line":9,"column":4},"end":{"line":9,"column":38}},"4":{"start":{"line":5,"column":13},"end":{"line":5,"column":28}},"5":{"start":{"line":8,"column":2},"end":{"line":10,"column":null}},"6":{"start":{"line":5,"column":13},"end":{"line":11,"column":null}}},"fnMap":{"0":{"name":"(anonymous_2)","decl":{"start":{"line":8,"column":2},"end":{"line":8,"column":10}},"loc":{"start":{"line":8,"column":10},"end":{"line":10,"column":3}}}},"branchMap":{},"s":{"0":1,"1":1,"2":1,"3":1,"4":1,"5":1,"6":1},"f":{"0":1},"b":{}}
,"D:\\migo\\repos\\smart-customer-service-v2\\packages\\backend\\src\\weather\\weather.controller.ts": {"path":"D:\\migo\\repos\\smart-customer-service-v2\\packages\\backend\\src\\weather\\weather.controller.ts","statementMap":{"0":{"start":{"line":1,"column":0},"end":{"line":1,"column":67}},"1":{"start":{"line":2,"column":0},"end":{"line":2,"column":47}},"2":{"start":{"line":3,"column":0},"end":{"line":3,"column":51}},"3":{"start":{"line":6,"column":7},"end":{"line":14,"column":null}},"4":{"start":{"line":7,"column":31},"end":{"line":7,"column":47}},"5":{"start":{"line":12,"column":4},"end":{"line":12,"column":48}},"6":{"start":{"line":6,"column":13},"end":{"line":6,"column":30}},"7":{"start":{"line":11,"column":2},"end":{"line":13,"column":null}},"8":{"start":{"line":6,"column":13},"end":{"line":14,"column":null}}},"fnMap":{"0":{"name":"(anonymous_4)","decl":{"start":{"line":7,"column":2},"end":{"line":7,"column":31}},"loc":{"start":{"line":7,"column":61},"end":{"line":7,"column":65}}},"1":{"name":"(anonymous_5)","decl":{"start":{"line":11,"column":2},"end":{"line":11,"column":12}},"loc":{"start":{"line":11,"column":41},"end":{"line":13,"column":3}}}},"branchMap":{},"s":{"0":1,"1":1,"2":1,"3":1,"4":2,"5":2,"6":1,"7":1,"8":1},"f":{"0":2,"1":2},"b":{}}
,"D:\\migo\\repos\\smart-customer-service-v2\\packages\\backend\\src\\weather\\weather.service.ts": {"path":"D:\\migo\\repos\\smart-customer-service-v2\\packages\\backend\\src\\weather\\weather.service.ts","statementMap":{"0":{"start":{"line":1,"column":0},"end":{"line":1,"column":65}},"1":{"start":{"line":5,"column":7},"end":{"line":35,"column":null}},"2":{"start":{"line":6,"column":19},"end":{"line":6,"column":62}},"3":{"start":{"line":7,"column":19},"end":{"line":7,"column":78}},"4":{"start":{"line":8,"column":19},"end":{"line":8,"column":79}},"5":{"start":{"line":11,"column":23},"end":{"line":11,"column":55}},"6":{"start":{"line":13,"column":16},"end":{"line":13,"column":111}},"7":{"start":{"line":15,"column":21},"end":{"line":15,"column":37}},"8":{"start":{"line":17,"column":4},"end":{"line":22,"column":5}},"9":{"start":{"line":18,"column":19},"end":{"line":18,"column":58}},"10":{"start":{"line":18,"column":54},"end":{"line":18,"column":56}},"11":{"start":{"line":19,"column":6},"end":{"line":21,"column":8}},"12":{"start":{"line":24,"column":17},"end":{"line":24,"column":38}},"13":{"start":{"line":26,"column":4},"end":{"line":33,"column":6}},"14":{"start":{"line":5,"column":13},"end":{"line":5,"column":27}},"15":{"start":{"line":5,"column":13},"end":{"line":35,"column":null}}},"fnMap":{"0":{"name":"(anonymous_1)","decl":{"start":{"line":5,"column":7},"end":{"line":5,"column":13}},"loc":{"start":{"line":5,"column":7},"end":{"line":35,"column":1}}},"1":{"name":"(anonymous_2)","decl":{"start":{"line":10,"column":2},"end":{"line":10,"column":7}},"loc":{"start":{"line":10,"column":32},"end":{"line":34,"column":3}}},"2":{"name":"(anonymous_3)","decl":{"start":{"line":18,"column":47},"end":{"line":18,"column":50}},"loc":{"start":{"line":18,"column":54},"end":{"line":18,"column":56}}}},"branchMap":{"0":{"loc":{"start":{"line":6,"column":28},"end":{"line":6,"column":61}},"type":"binary-expr","locations":[{"start":{"line":6,"column":28},"end":{"line":6,"column":55}},{"start":{"line":6,"column":59},"end":{"line":6,"column":61}}]},"1":{"loc":{"start":{"line":7,"column":33},"end":{"line":7,"column":77}},"type":"binary-expr","locations":[{"start":{"line":7,"column":33},"end":{"line":7,"column":65}},{"start":{"line":7,"column":69},"end":{"line":7,"column":77}}]},"2":{"loc":{"start":{"line":11,"column":23},"end":{"line":11,"column":55}},"type":"binary-expr","locations":[{"start":{"line":11,"column":23},"end":{"line":11,"column":35}},{"start":{"line":11,"column":39},"end":{"line":11,"column":55}}]},"3":{"loc":{"start":{"line":17,"column":4},"end":{"line":22,"column":5}},"type":"if","locations":[{"start":{"line":17,"column":4},"end":{"line":22,"column":5}}]},"4":{"loc":{"start":{"line":20,"column":8},"end":{"line":20,"column":69}},"type":"binary-expr","locations":[{"start":{"line":20,"column":8},"end":{"line":20,"column":20}},{"start":{"line":20,"column":24},"end":{"line":20,"column":69}}]}},"s":{"0":2,"1":2,"2":9,"3":9,"4":9,"5":10,"6":10,"7":10,"8":10,"9":4,"10":2,"11":4,"12":6,"13":6,"14":2,"15":2},"f":{"0":9,"1":10,"2":2},"b":{"0":[9,1],"1":[9,1],"2":[10,3],"3":[4],"4":[4,2]}}
}
