TN:
SF:src\auth\auth.controller.ts
FN:7,(anonymous_4)
FN:10,(anonymous_5)
FN:15,(anonymous_6)
FNF:3
FNH:3
FNDA:2,(anonymous_4)
FNDA:1,(anonymous_5)
FNDA:1,(anonymous_6)
DA:1,1
DA:2,1
DA:6,1
DA:7,2
DA:10,1
DA:11,1
DA:15,1
DA:23,1
LF:8
LH:8
BRF:0
BRH:0
end_of_record
TN:
SF:src\auth\auth.guard.ts
FN:6,(anonymous_2)
FN:8,(anonymous_3)
FNF:2
FNH:2
FNDA:5,(anonymous_2)
FNDA:5,(anonymous_3)
DA:1,2
DA:2,2
DA:5,2
DA:6,5
DA:9,5
DA:10,5
DA:11,5
DA:19,5
DA:20,3
DA:23,2
DA:24,2
DA:25,1
DA:26,1
DA:28,1
LF:14
LH:14
BRDA:10,0,0,5
BRDA:10,0,1,1
BRDA:19,1,0,3
BRDA:19,2,0,5
BRDA:19,2,1,3
BRF:5
BRH:5
end_of_record
TN:
SF:src\auth\auth.service.ts
FN:9,(anonymous_2)
FN:14,(anonymous_3)
FN:57,(anonymous_4)
FN:94,(anonymous_5)
FN:98,(anonymous_6)
FN:104,(anonymous_7)
FNF:6
FNH:6
FNDA:16,(anonymous_2)
FNDA:8,(anonymous_3)
FNDA:6,(anonymous_4)
FNDA:6,(anonymous_5)
FNDA:4,(anonymous_6)
FNDA:5,(anonymous_7)
DA:1,2
DA:2,2
DA:3,2
DA:4,2
DA:8,2
DA:10,16
DA:11,16
DA:15,8
DA:16,8
DA:18,8
DA:19,3
DA:22,5
DA:27,5
DA:28,1
DA:31,4
DA:33,4
DA:42,4
DA:43,4
DA:45,4
DA:58,6
DA:59,6
DA:61,6
DA:62,2
DA:65,4
DA:70,4
DA:71,1
DA:74,3
DA:75,3
DA:77,3
DA:78,1
DA:81,2
DA:83,2
DA:95,6
DA:99,4
DA:100,4
DA:101,4
DA:105,5
DA:106,5
DA:108,4
DA:109,4
DA:111,4
DA:113,3
LF:42
LH:42
BRDA:18,0,0,3
BRDA:18,1,0,8
BRDA:18,1,1,7
BRDA:18,1,2,6
BRDA:27,2,0,1
BRDA:39,3,0,4
BRDA:39,3,1,3
BRDA:39,4,0,4
BRDA:39,4,1,3
BRDA:61,5,0,2
BRDA:61,6,0,6
BRDA:61,6,1,5
BRDA:70,7,0,1
BRDA:77,8,0,1
BRDA:106,9,0,1
BRDA:106,10,0,5
BRDA:106,10,1,5
BRDA:111,11,0,1
BRF:18
BRH:18
end_of_record
TN:
SF:src\database\database-init.service.ts
FN:6,(anonymous_2)
FN:8,(anonymous_3)
FN:16,(anonymous_4)
FN:20,(anonymous_5)
FN:40,(anonymous_6)
FNF:5
FNH:5
FNDA:6,(anonymous_2)
FNDA:6,(anonymous_3)
FNDA:6,(anonymous_4)
FNDA:6,(anonymous_5)
FNDA:1,(anonymous_6)
DA:1,1
DA:2,1
DA:5,1
DA:6,6
DA:9,6
DA:10,6
DA:11,1
DA:13,6
DA:17,6
DA:21,6
DA:22,6
DA:34,6
DA:35,6
DA:36,6
DA:37,6
DA:41,1
DA:42,1
DA:43,1
DA:44,1
LF:19
LH:19
BRDA:10,0,0,1
BRF:1
BRH:1
end_of_record
TN:
SF:src\hello\hello.controller.ts
FN:8,(anonymous_2)
FNF:1
FNH:1
FNDA:1,(anonymous_2)
DA:1,1
DA:2,1
DA:5,1
DA:8,1
DA:9,1
LF:5
LH:5
BRF:0
BRH:0
end_of_record
