TN:
SF:src\auth\auth.controller.ts
FN:7,(anonymous_4)
FN:10,(anonymous_5)
FN:15,(anonymous_6)
FNF:3
FNH:3
FNDA:2,(anonymous_4)
FNDA:1,(anonymous_5)
FNDA:1,(anonymous_6)
DA:1,1
DA:2,1
DA:6,1
DA:7,2
DA:10,1
DA:11,1
DA:15,1
DA:23,1
LF:8
LH:8
BRF:0
BRH:0
end_of_record
TN:
SF:src\auth\auth.guard.ts
FN:6,(anonymous_2)
FN:8,(anonymous_3)
FNF:2
FNH:2
FNDA:5,(anonymous_2)
FNDA:5,(anonymous_3)
DA:1,3
DA:2,3
DA:5,3
DA:6,5
DA:9,5
DA:10,5
DA:11,5
DA:19,5
DA:20,3
DA:23,2
DA:24,2
DA:25,1
DA:26,1
DA:28,1
LF:14
LH:14
BRDA:10,0,0,5
BRDA:10,0,1,1
BRDA:19,1,0,3
BRDA:19,2,0,5
BRDA:19,2,1,3
BRF:5
BRH:5
end_of_record
TN:
SF:src\auth\auth.service.ts
FN:10,(anonymous_2)
FN:16,(anonymous_3)
FN:68,(anonymous_4)
FN:107,(anonymous_5)
FN:111,(anonymous_6)
FN:117,(anonymous_7)
FNF:6
FNH:6
FNDA:19,(anonymous_2)
FNDA:9,(anonymous_3)
FNDA:8,(anonymous_4)
FNDA:9,(anonymous_5)
FNDA:5,(anonymous_6)
FNDA:7,(anonymous_7)
DA:1,2
DA:2,2
DA:3,2
DA:4,2
DA:5,2
DA:9,2
DA:11,19
DA:12,19
DA:13,19
DA:17,9
DA:18,9
DA:20,9
DA:21,3
DA:24,6
DA:29,6
DA:30,1
DA:33,5
DA:35,5
DA:44,5
DA:46,5
DA:54,5
DA:56,5
DA:69,8
DA:70,8
DA:72,8
DA:73,2
DA:76,6
DA:81,6
DA:82,1
DA:85,5
DA:86,5
DA:88,5
DA:89,1
DA:92,4
DA:94,4
DA:96,4
DA:108,9
DA:112,5
DA:113,5
DA:114,5
DA:118,7
DA:119,7
DA:121,6
DA:122,6
DA:124,6
DA:126,5
LF:46
LH:46
BRDA:20,0,0,3
BRDA:20,1,0,9
BRDA:20,1,1,8
BRDA:20,1,2,7
BRDA:29,2,0,1
BRDA:41,3,0,5
BRDA:41,3,1,3
BRDA:41,4,0,5
BRDA:41,4,1,3
BRDA:49,5,0,5
BRDA:49,5,1,3
BRDA:50,6,0,5
BRDA:50,6,1,3
BRDA:72,7,0,2
BRDA:72,8,0,8
BRDA:72,8,1,7
BRDA:81,9,0,1
BRDA:88,10,0,1
BRDA:100,11,0,4
BRDA:100,11,1,3
BRDA:101,12,0,4
BRDA:101,12,1,3
BRDA:119,13,0,1
BRDA:119,14,0,7
BRDA:119,14,1,7
BRDA:124,15,0,1
BRF:26
BRH:26
end_of_record
TN:
SF:src\database\database-init.service.ts
FN:6,(anonymous_2)
FN:8,(anonymous_3)
FN:16,(anonymous_4)
FN:20,(anonymous_5)
FN:40,(anonymous_6)
FNF:5
FNH:5
FNDA:6,(anonymous_2)
FNDA:6,(anonymous_3)
FNDA:6,(anonymous_4)
FNDA:6,(anonymous_5)
FNDA:1,(anonymous_6)
DA:1,1
DA:2,1
DA:5,1
DA:6,6
DA:9,6
DA:10,6
DA:11,1
DA:13,6
DA:17,6
DA:21,6
DA:22,6
DA:34,6
DA:35,6
DA:36,6
DA:37,6
DA:41,1
DA:42,1
DA:43,1
DA:44,1
LF:19
LH:19
BRDA:10,0,0,1
BRF:1
BRH:1
end_of_record
TN:
SF:src\firestore\firestore.service.ts
FN:6,(anonymous_10)
FN:10,(anonymous_11)
FN:31,(anonymous_12)
FN:40,(anonymous_13)
FN:60,(anonymous_14)
FNF:5
FNH:5
FNDA:12,(anonymous_10)
FNDA:15,(anonymous_11)
FNDA:2,(anonymous_12)
FNDA:3,(anonymous_13)
FNDA:3,(anonymous_14)
DA:1,3
DA:2,3
DA:6,3
DA:8,12
DA:11,15
DA:12,14
DA:13,14
DA:15,14
DA:17,2
DA:20,2
DA:25,12
DA:28,15
DA:32,2
DA:41,3
DA:47,3
DA:49,2
DA:50,2
DA:51,2
DA:61,3
DA:63,3
DA:65,2
DA:66,2
LF:22
LH:22
BRDA:11,0,0,14
BRDA:15,1,0,2
BRDA:15,1,1,12
BRDA:17,2,0,1
BRDA:17,2,1,1
BRDA:47,3,0,1
BRDA:54,4,0,2
BRDA:54,4,1,1
BRDA:55,5,0,2
BRDA:55,5,1,1
BRDA:63,6,0,1
BRDA:69,7,0,2
BRDA:69,7,1,1
BRDA:70,8,0,2
BRDA:70,8,1,1
BRF:15
BRH:15
end_of_record
TN:
SF:src\hello\hello.controller.ts
FN:8,(anonymous_2)
FNF:1
FNH:1
FNDA:1,(anonymous_2)
DA:1,1
DA:2,1
DA:5,1
DA:8,1
DA:9,1
LF:5
LH:5
BRF:0
BRH:0
end_of_record
TN:
SF:src\weather\weather.controller.ts
FN:7,(anonymous_4)
FN:11,(anonymous_5)
FNF:2
FNH:2
FNDA:2,(anonymous_4)
FNDA:2,(anonymous_5)
DA:1,1
DA:2,1
DA:3,1
DA:6,1
DA:7,2
DA:11,1
DA:12,2
LF:7
LH:7
BRF:0
BRH:0
end_of_record
TN:
SF:src\weather\weather.service.ts
FN:5,(anonymous_1)
FN:10,(anonymous_2)
FN:18,(anonymous_3)
FNF:3
FNH:3
FNDA:9,(anonymous_1)
FNDA:10,(anonymous_2)
FNDA:2,(anonymous_3)
DA:1,2
DA:5,2
DA:6,9
DA:7,9
DA:8,9
DA:11,10
DA:13,10
DA:15,10
DA:17,10
DA:18,4
DA:19,4
DA:24,6
DA:26,6
LF:13
LH:13
BRDA:6,0,0,9
BRDA:6,0,1,1
BRDA:7,1,0,9
BRDA:7,1,1,1
BRDA:11,2,0,10
BRDA:11,2,1,3
BRDA:17,3,0,4
BRDA:20,4,0,4
BRDA:20,4,1,2
BRF:9
BRH:9
end_of_record
